# JRE version: Java(TM) SE Runtime Environment (8.0_05-b13) (build 1.8.0_05-b13)
# Java VM: Java HotSpot(TM) 64-Bit Server VM (25.5-b02 mixed mode windows-amd64 compressed oops)
Heap:
 def new generation   total 1152K, used 927K [0x00000000a2400000, 0x00000000a2540000, 0x00000000c1800000)
  eden space 1024K,  80% used [0x00000000a2400000, 0x00000000a24cd528, 0x00000000a2500000)
  from space 128K,  83% used [0x00000000a2520000, 0x00000000a253aaa0, 0x00000000a2540000)
  to   space 128K,   0% used [0x00000000a2500000, 0x00000000a2500000, 0x00000000a2520000)
 tenured generation   total 160512K, used 15448K [0x00000000c1800000, 0x00000000cb4c0000, 0x0000000100000000)
   the space 160512K,   9% used [0x00000000c1800000, 0x00000000c2716018, 0x00000000c2716200, 0x00000000cb4c0000)
 Metaspace       used 8282K, capacity 8524K, committed 8704K, reserved 1056768K
  class space    used 911K, capacity 964K, committed 1024K, reserved 1048576K
GC Heap History (10 events):
Event: 0.622 GC heap before
{Heap before GC invocations=57 (full 0):
 def new generation   total 1152K, used 1152K [0x00000000a2400000, 0x00000000a2540000, 0x00000000c1800000)
  eden space 1024K, 100% used [0x00000000a2400000, 0x00000000a2500000, 0x00000000a2500000)
  from space 128K, 100% used [0x00000000a2520000, 0x00000000a2540000, 0x00000000a2540000)
  to   space 128K,   0% used [0x00000000a2500000, 0x00000000a2500000, 0x00000000a2520000)
 tenured generation   total 160512K, used 14145K [0x00000000c1800000, 0x00000000cb4c0000, 0x0000000100000000)
   the space 160512K,   8% used [0x00000000c1800000, 0x00000000c25d0638, 0x00000000c25d0800, 0x00000000cb4c0000)
 Metaspace       used 8279K, capacity 8524K, committed 8704K, reserved 1056768K
  class space    used 910K, capacity 964K, committed 1024K, reserved 1048576K
Event: 0.623 GC heap after
Heap after GC invocations=58 (full 0):
 def new generation   total 1152K, used 124K [0x00000000a2400000, 0x00000000a2540000, 0x00000000c1800000)
  eden space 1024K,   0% used [0x00000000a2400000, 0x00000000a2400000, 0x00000000a2500000)
  from space 128K,  97% used [0x00000000a2500000, 0x00000000a251f3e0, 0x00000000a2520000)
  to   space 128K,   0% used [0x00000000a2520000, 0x00000000a2520000, 0x00000000a2540000)
 tenured generation   total 160512K, used 14269K [0x00000000c1800000, 0x00000000cb4c0000, 0x0000000100000000)
   the space 160512K,   8% used [0x00000000c1800000, 0x00000000c25ef6a0, 0x00000000c25ef800, 0x00000000cb4c0000)
 Metaspace       used 8279K, capacity 8524K, committed 8704K, reserved 1056768K
  class space    used 910K, capacity 964K, committed 1024K, reserved 1048576K
}
Event: 0.625 GC heap before
{Heap before GC invocations=58 (full 0):
 def new generation   total 1152K, used 1148K [0x00000000a2400000, 0x00000000a2540000, 0x00000000c1800000)
  eden space 1024K, 100% used [0x00000000a2400000, 0x00000000a2500000, 0x00000000a2500000)
  from space 128K,  97% used [0x00000000a2500000, 0x00000000a251f3e0, 0x00000000a2520000)
  to   space 128K,   0% used [0x00000000a2520000, 0x00000000a2520000, 0x00000000a2540000)
 tenured generation   total 160512K, used 14269K [0x00000000c1800000, 0x00000000cb4c0000, 0x0000000100000000)
   the space 160512K,   8% used [0x00000000c1800000, 0x00000000c25ef6a0, 0x00000000c25ef800, 0x00000000cb4c0000)
 Metaspace       used 8279K, capacity 8524K, committed 8704K, reserved 1056768K
  class space    used 910K, capacity 964K, committed 1024K, reserved 1048576K
Event: 0.626 GC heap after
Heap after GC invocations=59 (full 0):
 def new generation   total 1152K, used 122K [0x00000000a2400000, 0x00000000a2540000, 0x00000000c1800000)
  eden space 1024K,   0% used [0x00000000a2400000, 0x00000000a2400000, 0x00000000a2500000)
  from space 128K,  95% used [0x00000000a2520000, 0x00000000a253ea98, 0x00000000a2540000)
  to   space 128K,   0% used [0x00000000a2500000, 0x00000000a2500000, 0x00000000a2520000)
 tenured generation   total 160512K, used 14390K [0x00000000c1800000, 0x00000000cb4c0000, 0x0000000100000000)
   the space 160512K,   8% used [0x00000000c1800000, 0x00000000c260d9f8, 0x00000000c260da00, 0x00000000cb4c0000)
 Metaspace       used 8279K, capacity 8524K, committed 8704K, reserved 1056768K
  class space    used 910K, capacity 964K, committed 1024K, reserved 1048576K
}
Event: 0.629 GC heap before
{Heap before GC invocations=59 (full 0):
 def new generation   total 1152K, used 1146K [0x00000000a2400000, 0x00000000a2540000, 0x00000000c1800000)
  eden space 1024K, 100% used [0x00000000a2400000, 0x00000000a2500000, 0x00000000a2500000)
  from space 128K,  95% used [0x00000000a2520000, 0x00000000a253ea98, 0x00000000a2540000)
  to   space 128K,   0% used [0x00000000a2500000, 0x00000000a2500000, 0x00000000a2520000)
 tenured generation   total 160512K, used 14390K [0x00000000c1800000, 0x00000000cb4c0000, 0x0000000100000000)
   the space 160512K,   8% used [0x00000000c1800000, 0x00000000c260d9f8, 0x00000000c260da00, 0x00000000cb4c0000)
 Metaspace       used 8279K, capacity 8524K, committed 8704K, reserved 1056768K
  class space    used 910K, capacity 964K, committed 1024K, reserved 1048576K
Event: 0.630 GC heap after
Heap after GC invocations=60 (full 0):
 def new generation   total 1152K, used 124K [0x00000000a2400000, 0x00000000a2540000, 0x00000000c1800000)
  eden space 1024K,   0% used [0x00000000a2400000, 0x00000000a2400000, 0x00000000a2500000)
  from space 128K,  97% used [0x00000000a2500000, 0x00000000a251f388, 0x00000000a2520000)
  to   space 128K,   0% used [0x00000000a2520000, 0x00000000a2520000, 0x00000000a2540000)
 tenured generation   total 160512K, used 14508K [0x00000000c1800000, 0x00000000cb4c0000, 0x0000000100000000)
   the space 160512K,   9% used [0x00000000c1800000, 0x00000000c262b200, 0x00000000c262b200, 0x00000000cb4c0000)
 Metaspace       used 8279K, capacity 8524K, committed 8704K, reserved 1056768K
  class space    used 910K, capacity 964K, committed 1024K, reserved 1048576K
}
Event: 0.632 GC heap before
{Heap before GC invocations=60 (full 0):
 def new generation   total 1152K, used 1148K [0x00000000a2400000, 0x00000000a2540000, 0x00000000c1800000)
  eden space 1024K, 100% used [0x00000000a2400000, 0x00000000a2500000, 0x00000000a2500000)
  from space 128K,  97% used [0x00000000a2500000, 0x00000000a251f388, 0x00000000a2520000)
  to   space 128K,   0% used [0x00000000a2520000, 0x00000000a2520000, 0x00000000a2540000)
 tenured generation   total 160512K, used 14508K [0x00000000c1800000, 0x00000000cb4c0000, 0x0000000100000000)
   the space 160512K,   9% used [0x00000000c1800000, 0x00000000c262b200, 0x00000000c262b200, 0x00000000cb4c0000)
 Metaspace       used 8279K, capacity 8524K, committed 8704K, reserved 1056768K
  class space    used 910K, capacity 964K, committed 1024K, reserved 1048576K
Event: 0.633 GC heap after
Heap after GC invocations=61 (full 0):
 def new generation   total 1152K, used 120K [0x00000000a2400000, 0x00000000a2540000, 0x00000000c1800000)
  eden space 1024K,   0% used [0x00000000a2400000, 0x00000000a2400000, 0x00000000a2500000)
  from space 128K,  93% used [0x00000000a2520000, 0x00000000a253e0a0, 0x00000000a2540000)
  to   space 128K,   0% used [0x00000000a2500000, 0x00000000a2500000, 0x00000000a2520000)
 tenured generation   total 160512K, used 14628K [0x00000000c1800000, 0x00000000cb4c0000, 0x0000000100000000)
   the space 160512K,   9% used [0x00000000c1800000, 0x00000000c2649168, 0x00000000c2649200, 0x00000000cb4c0000)
 Metaspace       used 8279K, capacity 8524K, committed 8704K, reserved 1056768K
  class space    used 910K, capacity 964K, committed 1024K, reserved 1048576K
}
Event: 0.635 GC heap before
{Heap before GC invocations=61 (full 0):
 def new generation   total 1152K, used 1144K [0x00000000a2400000, 0x00000000a2540000, 0x00000000c1800000)
  eden space 1024K, 100% used [0x00000000a2400000, 0x00000000a2500000, 0x00000000a2500000)
  from space 128K,  93% used [0x00000000a2520000, 0x00000000a253e0a0, 0x00000000a2540000)
  to   space 128K,   0% used [0x00000000a2500000, 0x00000000a2500000, 0x00000000a2520000)
 tenured generation   total 160512K, used 14628K [0x00000000c1800000, 0x00000000cb4c0000, 0x0000000100000000)
   the space 160512K,   9% used [0x00000000c1800000, 0x00000000c2649168, 0x00000000c2649200, 0x00000000cb4c0000)
 Metaspace       used 8279K, capacity 8524K, committed 8704K, reserved 1056768K
  class space    used 910K, capacity 964K, committed 1024K, reserved 1048576K
Event: 0.636 GC heap after
Heap after GC invocations=62 (full 0):
 def new generation   total 1152K, used 118K [0x00000000a2400000, 0x00000000a2540000, 0x00000000c1800000)
  eden space 1024K,   0% used [0x00000000a2400000, 0x00000000a2400000, 0x00000000a2500000)
  from space 128K,  92% used [0x00000000a2500000, 0x00000000a251da50, 0x00000000a2520000)
  to   space 128K,   0% used [0x00000000a2520000, 0x00000000a2520000, 0x00000000a2540000)
 tenured generation   total 160512K, used 14743K [0x00000000c1800000, 0x00000000cb4c0000, 0x0000000100000000)
   the space 160512K,   9% used [0x00000000c1800000, 0x00000000c2665df8, 0x00000000c2665e00, 0x00000000cb4c0000)
 Metaspace       used 8279K, capacity 8524K, committed 8704K, reserved 1056768K
  class space    used 910K, capacity 964K, committed 1024K, reserved 1048576K
}

