# JRE version: Java(TM) SE Runtime Environment (8.0_05-b13) (build 1.8.0_05-b13)
# Java VM: Java HotSpot(TM) 64-Bit Server VM (25.5-b02 mixed mode windows-amd64 compressed oops)
Heap:
 def new generation   total 1152K, used 867K [0x00000000a2400000, 0x00000000a2540000, 0x00000000c1800000)
  eden space 1024K,  79% used [0x00000000a2400000, 0x00000000a24d0768, 0x00000000a2500000)
  from space 128K,  89% used [0x00000000a2520000, 0x00000000a253c9e8, 0x00000000a2540000)
  to   space 128K,   0% used [0x00000000a2500000, 0x00000000a2500000, 0x00000000a2520000)
 tenured generation   total 160512K, used 34309K [0x00000000c1800000, 0x00000000cb4c0000, 0x0000000100000000)
   the space 160512K,  21% used [0x00000000c1800000, 0x00000000c39819c8, 0x00000000c3981a00, 0x00000000cb4c0000)
 Metaspace       used 12547K, capacity 12946K, committed 13056K, reserved 1060864K
  class space    used 1434K, capacity 1493K, committed 1536K, reserved 1048576K
GC Heap History (10 events):
Event: 2.676 GC heap before
{Heap before GC invocations=420 (full 0):
 def new generation   total 1152K, used 1138K [0x00000000a2400000, 0x00000000a2540000, 0x00000000c1800000)
  eden space 1024K, 100% used [0x00000000a2400000, 0x00000000a2500000, 0x00000000a2500000)
  from space 128K,  89% used [0x00000000a2500000, 0x00000000a251c9d0, 0x00000000a2520000)
  to   space 128K,   0% used [0x00000000a2520000, 0x00000000a2520000, 0x00000000a2540000)
 tenured generation   total 160512K, used 33547K [0x00000000c1800000, 0x00000000cb4c0000, 0x0000000100000000)
   the space 160512K,  20% used [0x00000000c1800000, 0x00000000c38c2f98, 0x00000000c38c3000, 0x00000000cb4c0000)
 Metaspace       used 12543K, capacity 12882K, committed 13056K, reserved 1060864K
  class space    used 1434K, capacity 1493K, committed 1536K, reserved 1048576K
Event: 2.677 GC heap after
Heap after GC invocations=421 (full 0):
 def new generation   total 1152K, used 74K [0x00000000a2400000, 0x00000000a2540000, 0x00000000c1800000)
  eden space 1024K,   0% used [0x00000000a2400000, 0x00000000a2400000, 0x00000000a2500000)
  from space 128K,  58% used [0x00000000a2520000, 0x00000000a2532a40, 0x00000000a2540000)
  to   space 128K,   0% used [0x00000000a2500000, 0x00000000a2500000, 0x00000000a2520000)
 tenured generation   total 160512K, used 33610K [0x00000000c1800000, 0x00000000cb4c0000, 0x0000000100000000)
   the space 160512K,  20% used [0x00000000c1800000, 0x00000000c38d29f0, 0x00000000c38d2a00, 0x00000000cb4c0000)
 Metaspace       used 12543K, capacity 12882K, committed 13056K, reserved 1060864K
  class space    used 1434K, capacity 1493K, committed 1536K, reserved 1048576K
}
Event: 2.682 GC heap before
{Heap before GC invocations=421 (full 0):
 def new generation   total 1152K, used 1098K [0x00000000a2400000, 0x00000000a2540000, 0x00000000c1800000)
  eden space 1024K, 100% used [0x00000000a2400000, 0x00000000a2500000, 0x00000000a2500000)
  from space 128K,  58% used [0x00000000a2520000, 0x00000000a2532a40, 0x00000000a2540000)
  to   space 128K,   0% used [0x00000000a2500000, 0x00000000a2500000, 0x00000000a2520000)
 tenured generation   total 160512K, used 33610K [0x00000000c1800000, 0x00000000cb4c0000, 0x0000000100000000)
   the space 160512K,  20% used [0x00000000c1800000, 0x00000000c38d29f0, 0x00000000c38d2a00, 0x00000000cb4c0000)
 Metaspace       used 12543K, capacity 12882K, committed 13056K, reserved 1060864K
  class space    used 1434K, capacity 1493K, committed 1536K, reserved 1048576K
Event: 2.683 GC heap after
Heap after GC invocations=422 (full 0):
 def new generation   total 1152K, used 128K [0x00000000a2400000, 0x00000000a2540000, 0x00000000c1800000)
  eden space 1024K,   0% used [0x00000000a2400000, 0x00000000a2400000, 0x00000000a2500000)
  from space 128K, 100% used [0x00000000a2500000, 0x00000000a2520000, 0x00000000a2520000)
  to   space 128K,   0% used [0x00000000a2520000, 0x00000000a2520000, 0x00000000a2540000)
 tenured generation   total 160512K, used 33661K [0x00000000c1800000, 0x00000000cb4c0000, 0x0000000100000000)
   the space 160512K,  20% used [0x00000000c1800000, 0x00000000c38df790, 0x00000000c38df800, 0x00000000cb4c0000)
 Metaspace       used 12543K, capacity 12882K, committed 13056K, reserved 1060864K
  class space    used 1434K, capacity 1493K, committed 1536K, reserved 1048576K
}
Event: 2.688 GC heap before
{Heap before GC invocations=422 (full 0):
 def new generation   total 1152K, used 1152K [0x00000000a2400000, 0x00000000a2540000, 0x00000000c1800000)
  eden space 1024K, 100% used [0x00000000a2400000, 0x00000000a2500000, 0x00000000a2500000)
  from space 128K, 100% used [0x00000000a2500000, 0x00000000a2520000, 0x00000000a2520000)
  to   space 128K,   0% used [0x00000000a2520000, 0x00000000a2520000, 0x00000000a2540000)
 tenured generation   total 160512K, used 33661K [0x00000000c1800000, 0x00000000cb4c0000, 0x0000000100000000)
   the space 160512K,  20% used [0x00000000c1800000, 0x00000000c38df790, 0x00000000c38df800, 0x00000000cb4c0000)
 Metaspace       used 12543K, capacity 12882K, committed 13056K, reserved 1060864K
  class space    used 1434K, capacity 1493K, committed 1536K, reserved 1048576K
Event: 2.689 GC heap after
Heap after GC invocations=423 (full 0):
 def new generation   total 1152K, used 57K [0x00000000a2400000, 0x00000000a2540000, 0x00000000c1800000)
  eden space 1024K,   0% used [0x00000000a2400000, 0x00000000a2400000, 0x00000000a2500000)
  from space 128K,  45% used [0x00000000a2520000, 0x00000000a252e7b8, 0x00000000a2540000)
  to   space 128K,   0% used [0x00000000a2500000, 0x00000000a2500000, 0x00000000a2520000)
 tenured generation   total 160512K, used 33744K [0x00000000c1800000, 0x00000000cb4c0000, 0x0000000100000000)
   the space 160512K,  21% used [0x00000000c1800000, 0x00000000c38f4008, 0x00000000c38f4200, 0x00000000cb4c0000)
 Metaspace       used 12543K, capacity 12882K, committed 13056K, reserved 1060864K
  class space    used 1434K, capacity 1493K, committed 1536K, reserved 1048576K
}
Event: 2.693 GC heap before
{Heap before GC invocations=423 (full 0):
 def new generation   total 1152K, used 1081K [0x00000000a2400000, 0x00000000a2540000, 0x00000000c1800000)
  eden space 1024K, 100% used [0x00000000a2400000, 0x00000000a2500000, 0x00000000a2500000)
  from space 128K,  45% used [0x00000000a2520000, 0x00000000a252e7b8, 0x00000000a2540000)
  to   space 128K,   0% used [0x00000000a2500000, 0x00000000a2500000, 0x00000000a2520000)
 tenured generation   total 160512K, used 33744K [0x00000000c1800000, 0x00000000cb4c0000, 0x0000000100000000)
   the space 160512K,  21% used [0x00000000c1800000, 0x00000000c38f4008, 0x00000000c38f4200, 0x00000000cb4c0000)
 Metaspace       used 12543K, capacity 12882K, committed 13056K, reserved 1060864K
  class space    used 1434K, capacity 1493K, committed 1536K, reserved 1048576K
Event: 2.694 GC heap after
Heap after GC invocations=424 (full 0):
 def new generation   total 1152K, used 127K [0x00000000a2400000, 0x00000000a2540000, 0x00000000c1800000)
  eden space 1024K,   0% used [0x00000000a2400000, 0x00000000a2400000, 0x00000000a2500000)
  from space 128K,  99% used [0x00000000a2500000, 0x00000000a251fff8, 0x00000000a2520000)
  to   space 128K,   0% used [0x00000000a2520000, 0x00000000a2520000, 0x00000000a2540000)
 tenured generation   total 160512K, used 33761K [0x00000000c1800000, 0x00000000cb4c0000, 0x0000000100000000)
   the space 160512K,  21% used [0x00000000c1800000, 0x00000000c38f8790, 0x00000000c38f8800, 0x00000000cb4c0000)
 Metaspace       used 12543K, capacity 12882K, committed 13056K, reserved 1060864K
  class space    used 1434K, capacity 1493K, committed 1536K, reserved 1048576K
}
Event: 2.698 GC heap before
{Heap before GC invocations=424 (full 0):
 def new generation   total 1152K, used 1151K [0x00000000a2400000, 0x00000000a2540000, 0x00000000c1800000)
  eden space 1024K, 100% used [0x00000000a2400000, 0x00000000a2500000, 0x00000000a2500000)
  from space 128K,  99% used [0x00000000a2500000, 0x00000000a251fff8, 0x00000000a2520000)
  to   space 128K,   0% used [0x00000000a2520000, 0x00000000a2520000, 0x00000000a2540000)
 tenured generation   total 160512K, used 33761K [0x00000000c1800000, 0x00000000cb4c0000, 0x0000000100000000)
   the space 160512K,  21% used [0x00000000c1800000, 0x00000000c38f8790, 0x00000000c38f8800, 0x00000000cb4c0000)
 Metaspace       used 12546K, capacity 12946K, committed 13056K, reserved 1060864K
  class space    used 1434K, capacity 1493K, committed 1536K, reserved 1048576K
Event: 2.699 GC heap after
Heap after GC invocations=425 (full 0):
 def new generation   total 1152K, used 124K [0x00000000a2400000, 0x00000000a2540000, 0x00000000c1800000)
  eden space 1024K,   0% used [0x00000000a2400000, 0x00000000a2400000, 0x00000000a2500000)
  from space 128K,  97% used [0x00000000a2520000, 0x00000000a253f278, 0x00000000a2540000)
  to   space 128K,   0% used [0x00000000a2500000, 0x00000000a2500000, 0x00000000a2520000)
 tenured generation   total 160512K, used 33840K [0x00000000c1800000, 0x00000000cb4c0000, 0x0000000100000000)
   the space 160512K,  21% used [0x00000000c1800000, 0x00000000c390c308, 0x00000000c390c400, 0x00000000cb4c0000)
 Metaspace       used 12546K, capacity 12946K, committed 13056K, reserved 1060864K
  class space    used 1434K, capacity 1493K, committed 1536K, reserved 1048576K
}

