# JRE version: Java(TM) SE Runtime Environment (8.0_05-b13) (build 1.8.0_05-b13)
# Java VM: Java HotSpot(TM) 64-Bit Server VM (25.5-b02 mixed mode windows-amd64 compressed oops)
Heap:
 def new generation   total 1152K, used 189K [0x00000000a2400000, 0x00000000a2540000, 0x00000000c1800000)
  eden space 1024K,   8% used [0x00000000a2400000, 0x00000000a2419df0, 0x00000000a2500000)
  from space 128K, 100% used [0x00000000a2500000, 0x00000000a2520000, 0x00000000a2520000)
  to   space 128K,   0% used [0x00000000a2520000, 0x00000000a2520000, 0x00000000a2540000)
 tenured generation   total 160512K, used 29710K [0x00000000c1800000, 0x00000000cb4c0000, 0x0000000100000000)
   the space 160512K,  18% used [0x00000000c1800000, 0x00000000c3503b28, 0x00000000c3503c00, 0x00000000cb4c0000)
 Metaspace       used 12983K, capacity 13356K, committed 13440K, reserved 1060864K
  class space    used 1494K, capacity 1588K, committed 1664K, reserved 1048576K
GC Heap History (10 events):
Event: 1.847 GC heap before
{Heap before GC invocations=201 (full 0):
 def new generation   total 1152K, used 1152K [0x00000000a2400000, 0x00000000a2540000, 0x00000000c1800000)
  eden space 1024K, 100% used [0x00000000a2400000, 0x00000000a2500000, 0x00000000a2500000)
  from space 128K, 100% used [0x00000000a2520000, 0x00000000a2540000, 0x00000000a2540000)
  to   space 128K,   0% used [0x00000000a2500000, 0x00000000a2500000, 0x00000000a2520000)
 tenured generation   total 160512K, used 28963K [0x00000000c1800000, 0x00000000cb4c0000, 0x0000000100000000)
   the space 160512K,  18% used [0x00000000c1800000, 0x00000000c3448f08, 0x00000000c3449000, 0x00000000cb4c0000)
 Metaspace       used 12897K, capacity 13260K, committed 13440K, reserved 1060864K
  class space    used 1487K, capacity 1556K, committed 1664K, reserved 1048576K
Event: 1.848 GC heap after
Heap after GC invocations=202 (full 0):
 def new generation   total 1152K, used 62K [0x00000000a2400000, 0x00000000a2540000, 0x00000000c1800000)
  eden space 1024K,   0% used [0x00000000a2400000, 0x00000000a2400000, 0x00000000a2500000)
  from space 128K,  48% used [0x00000000a2500000, 0x00000000a250f818, 0x00000000a2520000)
  to   space 128K,   0% used [0x00000000a2520000, 0x00000000a2520000, 0x00000000a2540000)
 tenured generation   total 160512K, used 29073K [0x00000000c1800000, 0x00000000cb4c0000, 0x0000000100000000)
   the space 160512K,  18% used [0x00000000c1800000, 0x00000000c34644d0, 0x00000000c3464600, 0x00000000cb4c0000)
 Metaspace       used 12897K, capacity 13260K, committed 13440K, reserved 1060864K
  class space    used 1487K, capacity 1556K, committed 1664K, reserved 1048576K
}
Event: 1.859 GC heap before
{Heap before GC invocations=202 (full 0):
 def new generation   total 1152K, used 1086K [0x00000000a2400000, 0x00000000a2540000, 0x00000000c1800000)
  eden space 1024K, 100% used [0x00000000a2400000, 0x00000000a2500000, 0x00000000a2500000)
  from space 128K,  48% used [0x00000000a2500000, 0x00000000a250f818, 0x00000000a2520000)
  to   space 128K,   0% used [0x00000000a2520000, 0x00000000a2520000, 0x00000000a2540000)
 tenured generation   total 160512K, used 29073K [0x00000000c1800000, 0x00000000cb4c0000, 0x0000000100000000)
   the space 160512K,  18% used [0x00000000c1800000, 0x00000000c34644d0, 0x00000000c3464600, 0x00000000cb4c0000)
 Metaspace       used 12946K, capacity 13356K, committed 13440K, reserved 1060864K
  class space    used 1494K, capacity 1588K, committed 1664K, reserved 1048576K
Event: 1.860 GC heap after
Heap after GC invocations=203 (full 0):
 def new generation   total 1152K, used 127K [0x00000000a2400000, 0x00000000a2540000, 0x00000000c1800000)
  eden space 1024K,   0% used [0x00000000a2400000, 0x00000000a2400000, 0x00000000a2500000)
  from space 128K,  99% used [0x00000000a2520000, 0x00000000a253fff8, 0x00000000a2540000)
  to   space 128K,   0% used [0x00000000a2500000, 0x00000000a2500000, 0x00000000a2520000)
 tenured generation   total 160512K, used 29228K [0x00000000c1800000, 0x00000000cb4c0000, 0x0000000100000000)
   the space 160512K,  18% used [0x00000000c1800000, 0x00000000c348b278, 0x00000000c348b400, 0x00000000cb4c0000)
 Metaspace       used 12946K, capacity 13356K, committed 13440K, reserved 1060864K
  class space    used 1494K, capacity 1588K, committed 1664K, reserved 1048576K
}
Event: 1.864 GC heap before
{Heap before GC invocations=203 (full 0):
 def new generation   total 1152K, used 1151K [0x00000000a2400000, 0x00000000a2540000, 0x00000000c1800000)
  eden space 1024K, 100% used [0x00000000a2400000, 0x00000000a2500000, 0x00000000a2500000)
  from space 128K,  99% used [0x00000000a2520000, 0x00000000a253fff8, 0x00000000a2540000)
  to   space 128K,   0% used [0x00000000a2500000, 0x00000000a2500000, 0x00000000a2520000)
 tenured generation   total 160512K, used 29228K [0x00000000c1800000, 0x00000000cb4c0000, 0x0000000100000000)
   the space 160512K,  18% used [0x00000000c1800000, 0x00000000c348b278, 0x00000000c348b400, 0x00000000cb4c0000)
 Metaspace       used 12946K, capacity 13356K, committed 13440K, reserved 1060864K
  class space    used 1494K, capacity 1588K, committed 1664K, reserved 1048576K
Event: 1.865 GC heap after
Heap after GC invocations=204 (full 0):
 def new generation   total 1152K, used 69K [0x00000000a2400000, 0x00000000a2540000, 0x00000000c1800000)
  eden space 1024K,   0% used [0x00000000a2400000, 0x00000000a2400000, 0x00000000a2500000)
  from space 128K,  54% used [0x00000000a2500000, 0x00000000a25117f8, 0x00000000a2520000)
  to   space 128K,   0% used [0x00000000a2520000, 0x00000000a2520000, 0x00000000a2540000)
 tenured generation   total 160512K, used 29355K [0x00000000c1800000, 0x00000000cb4c0000, 0x0000000100000000)
   the space 160512K,  18% used [0x00000000c1800000, 0x00000000c34aad78, 0x00000000c34aae00, 0x00000000cb4c0000)
 Metaspace       used 12946K, capacity 13356K, committed 13440K, reserved 1060864K
  class space    used 1494K, capacity 1588K, committed 1664K, reserved 1048576K
}
Event: 1.874 GC heap before
{Heap before GC invocations=204 (full 0):
 def new generation   total 1152K, used 1093K [0x00000000a2400000, 0x00000000a2540000, 0x00000000c1800000)
  eden space 1024K, 100% used [0x00000000a2400000, 0x00000000a2500000, 0x00000000a2500000)
  from space 128K,  54% used [0x00000000a2500000, 0x00000000a25117f8, 0x00000000a2520000)
  to   space 128K,   0% used [0x00000000a2520000, 0x00000000a2520000, 0x00000000a2540000)
 tenured generation   total 160512K, used 29355K [0x00000000c1800000, 0x00000000cb4c0000, 0x0000000100000000)
   the space 160512K,  18% used [0x00000000c1800000, 0x00000000c34aad78, 0x00000000c34aae00, 0x00000000cb4c0000)
 Metaspace       used 12951K, capacity 13356K, committed 13440K, reserved 1060864K
  class space    used 1494K, capacity 1588K, committed 1664K, reserved 1048576K
Event: 1.875 GC heap after
Heap after GC invocations=205 (full 0):
 def new generation   total 1152K, used 127K [0x00000000a2400000, 0x00000000a2540000, 0x00000000c1800000)
  eden space 1024K,   0% used [0x00000000a2400000, 0x00000000a2400000, 0x00000000a2500000)
  from space 128K,  99% used [0x00000000a2520000, 0x00000000a253fff8, 0x00000000a2540000)
  to   space 128K,   0% used [0x00000000a2500000, 0x00000000a2500000, 0x00000000a2520000)
 tenured generation   total 160512K, used 29423K [0x00000000c1800000, 0x00000000cb4c0000, 0x0000000100000000)
   the space 160512K,  18% used [0x00000000c1800000, 0x00000000c34bbd20, 0x00000000c34bbe00, 0x00000000cb4c0000)
 Metaspace       used 12951K, capacity 13356K, committed 13440K, reserved 1060864K
  class space    used 1494K, capacity 1588K, committed 1664K, reserved 1048576K
}
Event: 1.880 GC heap before
{Heap before GC invocations=205 (full 0):
 def new generation   total 1152K, used 1151K [0x00000000a2400000, 0x00000000a2540000, 0x00000000c1800000)
  eden space 1024K, 100% used [0x00000000a2400000, 0x00000000a2500000, 0x00000000a2500000)
  from space 128K,  99% used [0x00000000a2520000, 0x00000000a253fff8, 0x00000000a2540000)
  to   space 128K,   0% used [0x00000000a2500000, 0x00000000a2500000, 0x00000000a2520000)
 tenured generation   total 160512K, used 29423K [0x00000000c1800000, 0x00000000cb4c0000, 0x0000000100000000)
   the space 160512K,  18% used [0x00000000c1800000, 0x00000000c34bbd20, 0x00000000c34bbe00, 0x00000000cb4c0000)
 Metaspace       used 12954K, capacity 13356K, committed 13440K, reserved 1060864K
  class space    used 1494K, capacity 1588K, committed 1664K, reserved 1048576K
Event: 1.880 GC heap after
Heap after GC invocations=206 (full 0):
 def new generation   total 1152K, used 74K [0x00000000a2400000, 0x00000000a2540000, 0x00000000c1800000)
  eden space 1024K,   0% used [0x00000000a2400000, 0x00000000a2400000, 0x00000000a2500000)
  from space 128K,  58% used [0x00000000a2500000, 0x00000000a2512b90, 0x00000000a2520000)
  to   space 128K,   0% used [0x00000000a2520000, 0x00000000a2520000, 0x00000000a2540000)
 tenured generation   total 160512K, used 29518K [0x00000000c1800000, 0x00000000cb4c0000, 0x0000000100000000)
   the space 160512K,  18% used [0x00000000c1800000, 0x00000000c34d3858, 0x00000000c34d3a00, 0x00000000cb4c0000)
 Metaspace       used 12954K, capacity 13356K, committed 13440K, reserved 1060864K
  class space    used 1494K, capacity 1588K, committed 1664K, reserved 1048576K
}

