# JRE version: Java(TM) SE Runtime Environment (8.0_05-b13) (build 1.8.0_05-b13)
# Java VM: Java HotSpot(TM) 64-Bit Server VM (25.5-b02 mixed mode windows-amd64 compressed oops)
Heap:
 def new generation   total 1152K, used 161K [0x00000000a2400000, 0x00000000a2540000, 0x00000000c1800000)
  eden space 1024K,  10% used [0x00000000a2400000, 0x00000000a2419ce0, 0x00000000a2500000)
  from space 128K,  45% used [0x00000000a2500000, 0x00000000a250ea60, 0x00000000a2520000)
  to   space 128K,   0% used [0x00000000a2520000, 0x00000000a2520000, 0x00000000a2540000)
 tenured generation   total 160512K, used 22135K [0x00000000c1800000, 0x00000000cb4c0000, 0x0000000100000000)
   the space 160512K,  13% used [0x00000000c1800000, 0x00000000c2d9dc48, 0x00000000c2d9de00, 0x00000000cb4c0000)
 Metaspace       used 11842K, capacity 12198K, committed 12288K, reserved 1060864K
  class space    used 1384K, capacity 1459K, committed 1536K, reserved 1048576K
GC Heap History (10 events):
Event: 1.324 GC heap before
{Heap before GC invocations=152 (full 0):
 def new generation   total 1152K, used 1078K [0x00000000a2400000, 0x00000000a2540000, 0x00000000c1800000)
  eden space 1024K, 100% used [0x00000000a2400000, 0x00000000a2500000, 0x00000000a2500000)
  from space 128K,  42% used [0x00000000a2500000, 0x00000000a250dac8, 0x00000000a2520000)
  to   space 128K,   0% used [0x00000000a2520000, 0x00000000a2520000, 0x00000000a2540000)
 tenured generation   total 160512K, used 21489K [0x00000000c1800000, 0x00000000cb4c0000, 0x0000000100000000)
   the space 160512K,  13% used [0x00000000c1800000, 0x00000000c2cfc530, 0x00000000c2cfc600, 0x00000000cb4c0000)
 Metaspace       used 11814K, capacity 12198K, committed 12288K, reserved 1060864K
  class space    used 1384K, capacity 1459K, committed 1536K, reserved 1048576K
Event: 1.325 GC heap after
Heap after GC invocations=153 (full 0):
 def new generation   total 1152K, used 128K [0x00000000a2400000, 0x00000000a2540000, 0x00000000c1800000)
  eden space 1024K,   0% used [0x00000000a2400000, 0x00000000a2400000, 0x00000000a2500000)
  from space 128K, 100% used [0x00000000a2520000, 0x00000000a2540000, 0x00000000a2540000)
  to   space 128K,   0% used [0x00000000a2500000, 0x00000000a2500000, 0x00000000a2520000)
 tenured generation   total 160512K, used 21504K [0x00000000c1800000, 0x00000000cb4c0000, 0x0000000100000000)
   the space 160512K,  13% used [0x00000000c1800000, 0x00000000c2d003c8, 0x00000000c2d00400, 0x00000000cb4c0000)
 Metaspace       used 11814K, capacity 12198K, committed 12288K, reserved 1060864K
  class space    used 1384K, capacity 1459K, committed 1536K, reserved 1048576K
}
Event: 1.330 GC heap before
{Heap before GC invocations=153 (full 0):
 def new generation   total 1152K, used 1152K [0x00000000a2400000, 0x00000000a2540000, 0x00000000c1800000)
  eden space 1024K, 100% used [0x00000000a2400000, 0x00000000a2500000, 0x00000000a2500000)
  from space 128K, 100% used [0x00000000a2520000, 0x00000000a2540000, 0x00000000a2540000)
  to   space 128K,   0% used [0x00000000a2500000, 0x00000000a2500000, 0x00000000a2520000)
 tenured generation   total 160512K, used 21504K [0x00000000c1800000, 0x00000000cb4c0000, 0x0000000100000000)
   the space 160512K,  13% used [0x00000000c1800000, 0x00000000c2d003c8, 0x00000000c2d00400, 0x00000000cb4c0000)
 Metaspace       used 11814K, capacity 12198K, committed 12288K, reserved 1060864K
  class space    used 1384K, capacity 1459K, committed 1536K, reserved 1048576K
Event: 1.331 GC heap after
Heap after GC invocations=154 (full 0):
 def new generation   total 1152K, used 111K [0x00000000a2400000, 0x00000000a2540000, 0x00000000c1800000)
  eden space 1024K,   0% used [0x00000000a2400000, 0x00000000a2400000, 0x00000000a2500000)
  from space 128K,  87% used [0x00000000a2500000, 0x00000000a251bf78, 0x00000000a2520000)
  to   space 128K,   0% used [0x00000000a2520000, 0x00000000a2520000, 0x00000000a2540000)
 tenured generation   total 160512K, used 21586K [0x00000000c1800000, 0x00000000cb4c0000, 0x0000000100000000)
   the space 160512K,  13% used [0x00000000c1800000, 0x00000000c2d14830, 0x00000000c2d14a00, 0x00000000cb4c0000)
 Metaspace       used 11814K, capacity 12198K, committed 12288K, reserved 1060864K
  class space    used 1384K, capacity 1459K, committed 1536K, reserved 1048576K
}
Event: 1.336 GC heap before
{Heap before GC invocations=154 (full 0):
 def new generation   total 1152K, used 1135K [0x00000000a2400000, 0x00000000a2540000, 0x00000000c1800000)
  eden space 1024K, 100% used [0x00000000a2400000, 0x00000000a2500000, 0x00000000a2500000)
  from space 128K,  87% used [0x00000000a2500000, 0x00000000a251bf78, 0x00000000a2520000)
  to   space 128K,   0% used [0x00000000a2520000, 0x00000000a2520000, 0x00000000a2540000)
 tenured generation   total 160512K, used 21586K [0x00000000c1800000, 0x00000000cb4c0000, 0x0000000100000000)
   the space 160512K,  13% used [0x00000000c1800000, 0x00000000c2d14830, 0x00000000c2d14a00, 0x00000000cb4c0000)
 Metaspace       used 11814K, capacity 12198K, committed 12288K, reserved 1060864K
  class space    used 1384K, capacity 1459K, committed 1536K, reserved 1048576K
Event: 1.337 GC heap after
Heap after GC invocations=155 (full 0):
 def new generation   total 1152K, used 73K [0x00000000a2400000, 0x00000000a2540000, 0x00000000c1800000)
  eden space 1024K,   0% used [0x00000000a2400000, 0x00000000a2400000, 0x00000000a2500000)
  from space 128K,  57% used [0x00000000a2520000, 0x00000000a25327c0, 0x00000000a2540000)
  to   space 128K,   0% used [0x00000000a2500000, 0x00000000a2500000, 0x00000000a2520000)
 tenured generation   total 160512K, used 21646K [0x00000000c1800000, 0x00000000cb4c0000, 0x0000000100000000)
   the space 160512K,  13% used [0x00000000c1800000, 0x00000000c2d23980, 0x00000000c2d23a00, 0x00000000cb4c0000)
 Metaspace       used 11814K, capacity 12198K, committed 12288K, reserved 1060864K
  class space    used 1384K, capacity 1459K, committed 1536K, reserved 1048576K
}
Event: 1.347 GC heap before
{Heap before GC invocations=155 (full 0):
 def new generation   total 1152K, used 1097K [0x00000000a2400000, 0x00000000a2540000, 0x00000000c1800000)
  eden space 1024K, 100% used [0x00000000a2400000, 0x00000000a2500000, 0x00000000a2500000)
  from space 128K,  57% used [0x00000000a2520000, 0x00000000a25327c0, 0x00000000a2540000)
  to   space 128K,   0% used [0x00000000a2500000, 0x00000000a2500000, 0x00000000a2520000)
 tenured generation   total 160512K, used 21646K [0x00000000c1800000, 0x00000000cb4c0000, 0x0000000100000000)
   the space 160512K,  13% used [0x00000000c1800000, 0x00000000c2d23980, 0x00000000c2d23a00, 0x00000000cb4c0000)
 Metaspace       used 11823K, capacity 12198K, committed 12288K, reserved 1060864K
  class space    used 1384K, capacity 1459K, committed 1536K, reserved 1048576K
Event: 1.348 GC heap after
Heap after GC invocations=156 (full 0):
 def new generation   total 1152K, used 127K [0x00000000a2400000, 0x00000000a2540000, 0x00000000c1800000)
  eden space 1024K,   0% used [0x00000000a2400000, 0x00000000a2400000, 0x00000000a2500000)
  from space 128K,  99% used [0x00000000a2500000, 0x00000000a251fff8, 0x00000000a2520000)
  to   space 128K,   0% used [0x00000000a2520000, 0x00000000a2520000, 0x00000000a2540000)
 tenured generation   total 160512K, used 21698K [0x00000000c1800000, 0x00000000cb4c0000, 0x0000000100000000)
   the space 160512K,  13% used [0x00000000c1800000, 0x00000000c2d30be0, 0x00000000c2d30c00, 0x00000000cb4c0000)
 Metaspace       used 11823K, capacity 12198K, committed 12288K, reserved 1060864K
  class space    used 1384K, capacity 1459K, committed 1536K, reserved 1048576K
}
Event: 1.351 GC heap before
{Heap before GC invocations=156 (full 0):
 def new generation   total 1152K, used 1151K [0x00000000a2400000, 0x00000000a2540000, 0x00000000c1800000)
  eden space 1024K, 100% used [0x00000000a2400000, 0x00000000a2500000, 0x00000000a2500000)
  from space 128K,  99% used [0x00000000a2500000, 0x00000000a251fff8, 0x00000000a2520000)
  to   space 128K,   0% used [0x00000000a2520000, 0x00000000a2520000, 0x00000000a2540000)
 tenured generation   total 160512K, used 21698K [0x00000000c1800000, 0x00000000cb4c0000, 0x0000000100000000)
   the space 160512K,  13% used [0x00000000c1800000, 0x00000000c2d30be0, 0x00000000c2d30c00, 0x00000000cb4c0000)
 Metaspace       used 11823K, capacity 12198K, committed 12288K, reserved 1060864K
  class space    used 1384K, capacity 1459K, committed 1536K, reserved 1048576K
Event: 1.352 GC heap after
Heap after GC invocations=157 (full 0):
 def new generation   total 1152K, used 55K [0x00000000a2400000, 0x00000000a2540000, 0x00000000c1800000)
  eden space 1024K,   0% used [0x00000000a2400000, 0x00000000a2400000, 0x00000000a2500000)
  from space 128K,  43% used [0x00000000a2520000, 0x00000000a252dc60, 0x00000000a2540000)
  to   space 128K,   0% used [0x00000000a2500000, 0x00000000a2500000, 0x00000000a2520000)
 tenured generation   total 160512K, used 21809K [0x00000000c1800000, 0x00000000cb4c0000, 0x0000000100000000)
   the space 160512K,  13% used [0x00000000c1800000, 0x00000000c2d4c500, 0x00000000c2d4c600, 0x00000000cb4c0000)
 Metaspace       used 11823K, capacity 12198K, committed 12288K, reserved 1060864K
  class space    used 1384K, capacity 1459K, committed 1536K, reserved 1048576K
}

