# JRE version: Java(TM) SE Runtime Environment (8.0_05-b13) (build 1.8.0_05-b13)
# Java VM: Java HotSpot(TM) 64-Bit Server VM (25.5-b02 mixed mode windows-amd64 compressed oops)
Heap:
 def new generation   total 1152K, used 686K [0x00000000a2400000, 0x00000000a2540000, 0x00000000c1800000)
  eden space 1024K,  55% used [0x00000000a2400000, 0x00000000a248f408, 0x00000000a2500000)
  from space 128K,  88% used [0x00000000a2520000, 0x00000000a253c608, 0x00000000a2540000)
  to   space 128K,   0% used [0x00000000a2500000, 0x00000000a2500000, 0x00000000a2520000)
 tenured generation   total 160512K, used 33516K [0x00000000c1800000, 0x00000000cb4c0000, 0x0000000100000000)
   the space 160512K,  20% used [0x00000000c1800000, 0x00000000c38bb368, 0x00000000c38bb400, 0x00000000cb4c0000)
 Metaspace       used 12553K, capacity 12882K, committed 13056K, reserved 1060864K
  class space    used 1434K, capacity 1493K, committed 1536K, reserved 1048576K
GC Heap History (10 events):
Event: 2.995 GC heap before
{Heap before GC invocations=407 (full 0):
 def new generation   total 1152K, used 1152K [0x00000000a2400000, 0x00000000a2540000, 0x00000000c1800000)
  eden space 1024K, 100% used [0x00000000a2400000, 0x00000000a2500000, 0x00000000a2500000)
  from space 128K, 100% used [0x00000000a2520000, 0x00000000a2540000, 0x00000000a2540000)
  to   space 128K,   0% used [0x00000000a2500000, 0x00000000a2500000, 0x00000000a2520000)
 tenured generation   total 160512K, used 32956K [0x00000000c1800000, 0x00000000cb4c0000, 0x0000000100000000)
   the space 160512K,  20% used [0x00000000c1800000, 0x00000000c382f280, 0x00000000c382f400, 0x00000000cb4c0000)
 Metaspace       used 12553K, capacity 12882K, committed 13056K, reserved 1060864K
  class space    used 1434K, capacity 1493K, committed 1536K, reserved 1048576K
Event: 2.996 GC heap after
Heap after GC invocations=408 (full 0):
 def new generation   total 1152K, used 120K [0x00000000a2400000, 0x00000000a2540000, 0x00000000c1800000)
  eden space 1024K,   0% used [0x00000000a2400000, 0x00000000a2400000, 0x00000000a2500000)
  from space 128K,  94% used [0x00000000a2500000, 0x00000000a251e1e8, 0x00000000a2520000)
  to   space 128K,   0% used [0x00000000a2520000, 0x00000000a2520000, 0x00000000a2540000)
 tenured generation   total 160512K, used 33034K [0x00000000c1800000, 0x00000000cb4c0000, 0x0000000100000000)
   the space 160512K,  20% used [0x00000000c1800000, 0x00000000c3842bd0, 0x00000000c3842c00, 0x00000000cb4c0000)
 Metaspace       used 12553K, capacity 12882K, committed 13056K, reserved 1060864K
  class space    used 1434K, capacity 1493K, committed 1536K, reserved 1048576K
}
Event: 3.000 GC heap before
{Heap before GC invocations=408 (full 0):
 def new generation   total 1152K, used 1144K [0x00000000a2400000, 0x00000000a2540000, 0x00000000c1800000)
  eden space 1024K, 100% used [0x00000000a2400000, 0x00000000a2500000, 0x00000000a2500000)
  from space 128K,  94% used [0x00000000a2500000, 0x00000000a251e1e8, 0x00000000a2520000)
  to   space 128K,   0% used [0x00000000a2520000, 0x00000000a2520000, 0x00000000a2540000)
 tenured generation   total 160512K, used 33034K [0x00000000c1800000, 0x00000000cb4c0000, 0x0000000100000000)
   the space 160512K,  20% used [0x00000000c1800000, 0x00000000c3842bd0, 0x00000000c3842c00, 0x00000000cb4c0000)
 Metaspace       used 12553K, capacity 12882K, committed 13056K, reserved 1060864K
  class space    used 1434K, capacity 1493K, committed 1536K, reserved 1048576K
Event: 3.000 GC heap after
Heap after GC invocations=409 (full 0):
 def new generation   total 1152K, used 67K [0x00000000a2400000, 0x00000000a2540000, 0x00000000c1800000)
  eden space 1024K,   0% used [0x00000000a2400000, 0x00000000a2400000, 0x00000000a2500000)
  from space 128K,  52% used [0x00000000a2520000, 0x00000000a2530d78, 0x00000000a2540000)
  to   space 128K,   0% used [0x00000000a2500000, 0x00000000a2500000, 0x00000000a2520000)
 tenured generation   total 160512K, used 33106K [0x00000000c1800000, 0x00000000cb4c0000, 0x0000000100000000)
   the space 160512K,  20% used [0x00000000c1800000, 0x00000000c38548b8, 0x00000000c3854a00, 0x00000000cb4c0000)
 Metaspace       used 12553K, capacity 12882K, committed 13056K, reserved 1060864K
  class space    used 1434K, capacity 1493K, committed 1536K, reserved 1048576K
}
Event: 3.008 GC heap before
{Heap before GC invocations=409 (full 0):
 def new generation   total 1152K, used 1091K [0x00000000a2400000, 0x00000000a2540000, 0x00000000c1800000)
  eden space 1024K, 100% used [0x00000000a2400000, 0x00000000a2500000, 0x00000000a2500000)
  from space 128K,  52% used [0x00000000a2520000, 0x00000000a2530d78, 0x00000000a2540000)
  to   space 128K,   0% used [0x00000000a2500000, 0x00000000a2500000, 0x00000000a2520000)
 tenured generation   total 160512K, used 33106K [0x00000000c1800000, 0x00000000cb4c0000, 0x0000000100000000)
   the space 160512K,  20% used [0x00000000c1800000, 0x00000000c38548b8, 0x00000000c3854a00, 0x00000000cb4c0000)
 Metaspace       used 12553K, capacity 12882K, committed 13056K, reserved 1060864K
  class space    used 1434K, capacity 1493K, committed 1536K, reserved 1048576K
Event: 3.009 GC heap after
Heap after GC invocations=410 (full 0):
 def new generation   total 1152K, used 128K [0x00000000a2400000, 0x00000000a2540000, 0x00000000c1800000)
  eden space 1024K,   0% used [0x00000000a2400000, 0x00000000a2400000, 0x00000000a2500000)
  from space 128K, 100% used [0x00000000a2500000, 0x00000000a2520000, 0x00000000a2520000)
  to   space 128K,   0% used [0x00000000a2520000, 0x00000000a2520000, 0x00000000a2540000)
 tenured generation   total 160512K, used 33148K [0x00000000c1800000, 0x00000000cb4c0000, 0x0000000100000000)
   the space 160512K,  20% used [0x00000000c1800000, 0x00000000c385f1e0, 0x00000000c385f200, 0x00000000cb4c0000)
 Metaspace       used 12553K, capacity 12882K, committed 13056K, reserved 1060864K
  class space    used 1434K, capacity 1493K, committed 1536K, reserved 1048576K
}
Event: 3.013 GC heap before
{Heap before GC invocations=410 (full 0):
 def new generation   total 1152K, used 1152K [0x00000000a2400000, 0x00000000a2540000, 0x00000000c1800000)
  eden space 1024K, 100% used [0x00000000a2400000, 0x00000000a2500000, 0x00000000a2500000)
  from space 128K, 100% used [0x00000000a2500000, 0x00000000a2520000, 0x00000000a2520000)
  to   space 128K,   0% used [0x00000000a2520000, 0x00000000a2520000, 0x00000000a2540000)
 tenured generation   total 160512K, used 33148K [0x00000000c1800000, 0x00000000cb4c0000, 0x0000000100000000)
   the space 160512K,  20% used [0x00000000c1800000, 0x00000000c385f1e0, 0x00000000c385f200, 0x00000000cb4c0000)
 Metaspace       used 12553K, capacity 12882K, committed 13056K, reserved 1060864K
  class space    used 1434K, capacity 1493K, committed 1536K, reserved 1048576K
Event: 3.014 GC heap after
Heap after GC invocations=411 (full 0):
 def new generation   total 1152K, used 74K [0x00000000a2400000, 0x00000000a2540000, 0x00000000c1800000)
  eden space 1024K,   0% used [0x00000000a2400000, 0x00000000a2400000, 0x00000000a2500000)
  from space 128K,  58% used [0x00000000a2520000, 0x00000000a2532930, 0x00000000a2540000)
  to   space 128K,   0% used [0x00000000a2500000, 0x00000000a2500000, 0x00000000a2520000)
 tenured generation   total 160512K, used 33230K [0x00000000c1800000, 0x00000000cb4c0000, 0x0000000100000000)
   the space 160512K,  20% used [0x00000000c1800000, 0x00000000c38739a8, 0x00000000c3873a00, 0x00000000cb4c0000)
 Metaspace       used 12553K, capacity 12882K, committed 13056K, reserved 1060864K
  class space    used 1434K, capacity 1493K, committed 1536K, reserved 1048576K
}
Event: 3.018 GC heap before
{Heap before GC invocations=411 (full 0):
 def new generation   total 1152K, used 1098K [0x00000000a2400000, 0x00000000a2540000, 0x00000000c1800000)
  eden space 1024K, 100% used [0x00000000a2400000, 0x00000000a2500000, 0x00000000a2500000)
  from space 128K,  58% used [0x00000000a2520000, 0x00000000a2532930, 0x00000000a2540000)
  to   space 128K,   0% used [0x00000000a2500000, 0x00000000a2500000, 0x00000000a2520000)
 tenured generation   total 160512K, used 33230K [0x00000000c1800000, 0x00000000cb4c0000, 0x0000000100000000)
   the space 160512K,  20% used [0x00000000c1800000, 0x00000000c38739a8, 0x00000000c3873a00, 0x00000000cb4c0000)
 Metaspace       used 12553K, capacity 12882K, committed 13056K, reserved 1060864K
  class space    used 1434K, capacity 1493K, committed 1536K, reserved 1048576K
Event: 3.019 GC heap after
Heap after GC invocations=412 (full 0):
 def new generation   total 1152K, used 113K [0x00000000a2400000, 0x00000000a2540000, 0x00000000c1800000)
  eden space 1024K,   0% used [0x00000000a2400000, 0x00000000a2400000, 0x00000000a2500000)
  from space 128K,  88% used [0x00000000a2500000, 0x00000000a251c6b8, 0x00000000a2520000)
  to   space 128K,   0% used [0x00000000a2520000, 0x00000000a2520000, 0x00000000a2540000)
 tenured generation   total 160512K, used 33243K [0x00000000c1800000, 0x00000000cb4c0000, 0x0000000100000000)
   the space 160512K,  20% used [0x00000000c1800000, 0x00000000c3876c98, 0x00000000c3876e00, 0x00000000cb4c0000)
 Metaspace       used 12553K, capacity 12882K, committed 13056K, reserved 1060864K
  class space    used 1434K, capacity 1493K, committed 1536K, reserved 1048576K
}

