# JRE version: Java(TM) SE Runtime Environment (8.0_05-b13) (build 1.8.0_05-b13)
# Java VM: Java HotSpot(TM) 64-Bit Server VM (25.5-b02 mixed mode windows-amd64 compressed oops)
Heap:
 def new generation   total 1152K, used 941K [0x00000000a2400000, 0x00000000a2540000, 0x00000000c1800000)
  eden space 1024K,  86% used [0x00000000a2400000, 0x00000000a24e2588, 0x00000000a2500000)
  from space 128K,  60% used [0x00000000a2500000, 0x00000000a2513800, 0x00000000a2520000)
  to   space 128K,   0% used [0x00000000a2520000, 0x00000000a2520000, 0x00000000a2540000)
 tenured generation   total 160512K, used 8246K [0x00000000c1800000, 0x00000000cb4c0000, 0x0000000100000000)
   the space 160512K,   5% used [0x00000000c1800000, 0x00000000c200db28, 0x00000000c200dc00, 0x00000000cb4c0000)
 Metaspace       used 11160K, capacity 11558K, committed 11648K, reserved 1058816K
  class space    used 1320K, capacity 1395K, committed 1408K, reserved 1048576K
GC Heap History (10 events):
Event: 0.866 GC heap before
{Heap before GC invocations=86 (full 0):
 def new generation   total 1152K, used 1137K [0x00000000a2400000, 0x00000000a2540000, 0x00000000c1800000)
  eden space 1024K, 100% used [0x00000000a2400000, 0x00000000a2500000, 0x00000000a2500000)
  from space 128K,  88% used [0x00000000a2500000, 0x00000000a251c718, 0x00000000a2520000)
  to   space 128K,   0% used [0x00000000a2520000, 0x00000000a2520000, 0x00000000a2540000)
 tenured generation   total 160512K, used 7870K [0x00000000c1800000, 0x00000000cb4c0000, 0x0000000100000000)
   the space 160512K,   4% used [0x00000000c1800000, 0x00000000c1fafb70, 0x00000000c1fafc00, 0x00000000cb4c0000)
 Metaspace       used 11132K, capacity 11494K, committed 11648K, reserved 1058816K
  class space    used 1320K, capacity 1395K, committed 1408K, reserved 1048576K
Event: 0.867 GC heap after
Heap after GC invocations=87 (full 0):
 def new generation   total 1152K, used 76K [0x00000000a2400000, 0x00000000a2540000, 0x00000000c1800000)
  eden space 1024K,   0% used [0x00000000a2400000, 0x00000000a2400000, 0x00000000a2500000)
  from space 128K,  59% used [0x00000000a2520000, 0x00000000a2533298, 0x00000000a2540000)
  to   space 128K,   0% used [0x00000000a2500000, 0x00000000a2500000, 0x00000000a2520000)
 tenured generation   total 160512K, used 7926K [0x00000000c1800000, 0x00000000cb4c0000, 0x0000000100000000)
   the space 160512K,   4% used [0x00000000c1800000, 0x00000000c1fbda10, 0x00000000c1fbdc00, 0x00000000cb4c0000)
 Metaspace       used 11132K, capacity 11494K, committed 11648K, reserved 1058816K
  class space    used 1320K, capacity 1395K, committed 1408K, reserved 1048576K
}
Event: 0.875 GC heap before
{Heap before GC invocations=87 (full 0):
 def new generation   total 1152K, used 1100K [0x00000000a2400000, 0x00000000a2540000, 0x00000000c1800000)
  eden space 1024K, 100% used [0x00000000a2400000, 0x00000000a2500000, 0x00000000a2500000)
  from space 128K,  59% used [0x00000000a2520000, 0x00000000a2533298, 0x00000000a2540000)
  to   space 128K,   0% used [0x00000000a2500000, 0x00000000a2500000, 0x00000000a2520000)
 tenured generation   total 160512K, used 7926K [0x00000000c1800000, 0x00000000cb4c0000, 0x0000000100000000)
   the space 160512K,   4% used [0x00000000c1800000, 0x00000000c1fbda10, 0x00000000c1fbdc00, 0x00000000cb4c0000)
 Metaspace       used 11136K, capacity 11494K, committed 11648K, reserved 1058816K
  class space    used 1320K, capacity 1395K, committed 1408K, reserved 1048576K
Event: 0.876 GC heap after
Heap after GC invocations=88 (full 0):
 def new generation   total 1152K, used 127K [0x00000000a2400000, 0x00000000a2540000, 0x00000000c1800000)
  eden space 1024K,   0% used [0x00000000a2400000, 0x00000000a2400000, 0x00000000a2500000)
  from space 128K,  99% used [0x00000000a2500000, 0x00000000a251fff8, 0x00000000a2520000)
  to   space 128K,   0% used [0x00000000a2520000, 0x00000000a2520000, 0x00000000a2540000)
 tenured generation   total 160512K, used 7977K [0x00000000c1800000, 0x00000000cb4c0000, 0x0000000100000000)
   the space 160512K,   4% used [0x00000000c1800000, 0x00000000c1fca460, 0x00000000c1fca600, 0x00000000cb4c0000)
 Metaspace       used 11136K, capacity 11494K, committed 11648K, reserved 1058816K
  class space    used 1320K, capacity 1395K, committed 1408K, reserved 1048576K
}
Event: 0.879 GC heap before
{Heap before GC invocations=88 (full 0):
 def new generation   total 1152K, used 1151K [0x00000000a2400000, 0x00000000a2540000, 0x00000000c1800000)
  eden space 1024K, 100% used [0x00000000a2400000, 0x00000000a2500000, 0x00000000a2500000)
  from space 128K,  99% used [0x00000000a2500000, 0x00000000a251fff8, 0x00000000a2520000)
  to   space 128K,   0% used [0x00000000a2520000, 0x00000000a2520000, 0x00000000a2540000)
 tenured generation   total 160512K, used 7977K [0x00000000c1800000, 0x00000000cb4c0000, 0x0000000100000000)
   the space 160512K,   4% used [0x00000000c1800000, 0x00000000c1fca460, 0x00000000c1fca600, 0x00000000cb4c0000)
 Metaspace       used 11136K, capacity 11494K, committed 11648K, reserved 1058816K
  class space    used 1320K, capacity 1395K, committed 1408K, reserved 1048576K
Event: 0.879 GC heap after
Heap after GC invocations=89 (full 0):
 def new generation   total 1152K, used 57K [0x00000000a2400000, 0x00000000a2540000, 0x00000000c1800000)
  eden space 1024K,   0% used [0x00000000a2400000, 0x00000000a2400000, 0x00000000a2500000)
  from space 128K,  44% used [0x00000000a2520000, 0x00000000a252e538, 0x00000000a2540000)
  to   space 128K,   0% used [0x00000000a2500000, 0x00000000a2500000, 0x00000000a2520000)
 tenured generation   total 160512K, used 8088K [0x00000000c1800000, 0x00000000cb4c0000, 0x0000000100000000)
   the space 160512K,   5% used [0x00000000c1800000, 0x00000000c1fe6130, 0x00000000c1fe6200, 0x00000000cb4c0000)
 Metaspace       used 11136K, capacity 11494K, committed 11648K, reserved 1058816K
  class space    used 1320K, capacity 1395K, committed 1408K, reserved 1048576K
}
Event: 0.887 GC heap before
{Heap before GC invocations=89 (full 0):
 def new generation   total 1152K, used 1081K [0x00000000a2400000, 0x00000000a2540000, 0x00000000c1800000)
  eden space 1024K, 100% used [0x00000000a2400000, 0x00000000a2500000, 0x00000000a2500000)
  from space 128K,  44% used [0x00000000a2520000, 0x00000000a252e538, 0x00000000a2540000)
  to   space 128K,   0% used [0x00000000a2500000, 0x00000000a2500000, 0x00000000a2520000)
 tenured generation   total 160512K, used 8088K [0x00000000c1800000, 0x00000000cb4c0000, 0x0000000100000000)
   the space 160512K,   5% used [0x00000000c1800000, 0x00000000c1fe6130, 0x00000000c1fe6200, 0x00000000cb4c0000)
 Metaspace       used 11138K, capacity 11494K, committed 11648K, reserved 1058816K
  class space    used 1320K, capacity 1395K, committed 1408K, reserved 1048576K
Event: 0.888 GC heap after
Heap after GC invocations=90 (full 0):
 def new generation   total 1152K, used 127K [0x00000000a2400000, 0x00000000a2540000, 0x00000000c1800000)
  eden space 1024K,   0% used [0x00000000a2400000, 0x00000000a2400000, 0x00000000a2500000)
  from space 128K,  99% used [0x00000000a2500000, 0x00000000a251fff8, 0x00000000a2520000)
  to   space 128K,   0% used [0x00000000a2520000, 0x00000000a2520000, 0x00000000a2540000)
 tenured generation   total 160512K, used 8106K [0x00000000c1800000, 0x00000000cb4c0000, 0x0000000100000000)
   the space 160512K,   5% used [0x00000000c1800000, 0x00000000c1fea810, 0x00000000c1feaa00, 0x00000000cb4c0000)
 Metaspace       used 11138K, capacity 11494K, committed 11648K, reserved 1058816K
  class space    used 1320K, capacity 1395K, committed 1408K, reserved 1048576K
}
Event: 0.896 GC heap before
{Heap before GC invocations=90 (full 0):
 def new generation   total 1152K, used 1151K [0x00000000a2400000, 0x00000000a2540000, 0x00000000c1800000)
  eden space 1024K, 100% used [0x00000000a2400000, 0x00000000a2500000, 0x00000000a2500000)
  from space 128K,  99% used [0x00000000a2500000, 0x00000000a251fff8, 0x00000000a2520000)
  to   space 128K,   0% used [0x00000000a2520000, 0x00000000a2520000, 0x00000000a2540000)
 tenured generation   total 160512K, used 8106K [0x00000000c1800000, 0x00000000cb4c0000, 0x0000000100000000)
   the space 160512K,   5% used [0x00000000c1800000, 0x00000000c1fea810, 0x00000000c1feaa00, 0x00000000cb4c0000)
 Metaspace       used 11146K, capacity 11494K, committed 11648K, reserved 1058816K
  class space    used 1320K, capacity 1395K, committed 1408K, reserved 1048576K
Event: 0.897 GC heap after
Heap after GC invocations=91 (full 0):
 def new generation   total 1152K, used 110K [0x00000000a2400000, 0x00000000a2540000, 0x00000000c1800000)
  eden space 1024K,   0% used [0x00000000a2400000, 0x00000000a2400000, 0x00000000a2500000)
  from space 128K,  86% used [0x00000000a2520000, 0x00000000a253b980, 0x00000000a2540000)
  to   space 128K,   0% used [0x00000000a2500000, 0x00000000a2500000, 0x00000000a2520000)
 tenured generation   total 160512K, used 8188K [0x00000000c1800000, 0x00000000cb4c0000, 0x0000000100000000)
   the space 160512K,   5% used [0x00000000c1800000, 0x00000000c1fff230, 0x00000000c1fff400, 0x00000000cb4c0000)
 Metaspace       used 11146K, capacity 11494K, committed 11648K, reserved 1058816K
  class space    used 1320K, capacity 1395K, committed 1408K, reserved 1048576K
}

