# JRE version: Java(TM) SE Runtime Environment (8.0_05-b13) (build 1.8.0_05-b13)
# Java VM: Java HotSpot(TM) 64-Bit Server VM (25.5-b02 mixed mode windows-amd64 compressed oops)
Heap:
 def new generation   total 1152K, used 505K [0x00000000a2400000, 0x00000000a2540000, 0x00000000c1800000)
  eden space 1024K,  42% used [0x00000000a2400000, 0x00000000a246c230, 0x00000000a2500000)
  from space 128K,  89% used [0x00000000a2520000, 0x00000000a253cab8, 0x00000000a2540000)
  to   space 128K,   0% used [0x00000000a2500000, 0x00000000a2512b08, 0x00000000a2520000)
 tenured generation   total 160512K, used 9571K [0x00000000c1800000, 0x00000000cb4c0000, 0x0000000100000000)
   the space 160512K,   5% used [0x00000000c1800000, 0x00000000c2158d60, 0x00000000c2158e00, 0x00000000cb4c0000)
 Metaspace       used 11224K, capacity 11622K, committed 11648K, reserved 1058816K
  class space    used 1320K, capacity 1395K, committed 1408K, reserved 1048576K
GC Heap History (10 events):
Event: 1.134 GC heap before
{Heap before GC invocations=101 (full 0):
 def new generation   total 1152K, used 1134K [0x00000000a2400000, 0x00000000a2540000, 0x00000000c1800000)
  eden space 1024K, 100% used [0x00000000a2400000, 0x00000000a2500000, 0x00000000a2500000)
  from space 128K,  86% used [0x00000000a2520000, 0x00000000a253b9f8, 0x00000000a2540000)
  to   space 128K,   0% used [0x00000000a2500000, 0x00000000a2500000, 0x00000000a2520000)
 tenured generation   total 160512K, used 8809K [0x00000000c1800000, 0x00000000cb4c0000, 0x0000000100000000)
   the space 160512K,   5% used [0x00000000c1800000, 0x00000000c209a6c8, 0x00000000c209a800, 0x00000000cb4c0000)
 Metaspace       used 11181K, capacity 11558K, committed 11648K, reserved 1058816K
  class space    used 1320K, capacity 1395K, committed 1408K, reserved 1048576K
Event: 1.135 GC heap after
Heap after GC invocations=102 (full 0):
 def new generation   total 1152K, used 74K [0x00000000a2400000, 0x00000000a2540000, 0x00000000c1800000)
  eden space 1024K,   0% used [0x00000000a2400000, 0x00000000a2400000, 0x00000000a2500000)
  from space 128K,  58% used [0x00000000a2500000, 0x00000000a2512ad0, 0x00000000a2520000)
  to   space 128K,   0% used [0x00000000a2520000, 0x00000000a2520000, 0x00000000a2540000)
 tenured generation   total 160512K, used 8869K [0x00000000c1800000, 0x00000000cb4c0000, 0x0000000100000000)
   the space 160512K,   5% used [0x00000000c1800000, 0x00000000c20a9408, 0x00000000c20a9600, 0x00000000cb4c0000)
 Metaspace       used 11181K, capacity 11558K, committed 11648K, reserved 1058816K
  class space    used 1320K, capacity 1395K, committed 1408K, reserved 1048576K
}
Event: 1.146 GC heap before
{Heap before GC invocations=102 (full 0):
 def new generation   total 1152K, used 1098K [0x00000000a2400000, 0x00000000a2540000, 0x00000000c1800000)
  eden space 1024K, 100% used [0x00000000a2400000, 0x00000000a2500000, 0x00000000a2500000)
  from space 128K,  58% used [0x00000000a2500000, 0x00000000a2512ad0, 0x00000000a2520000)
  to   space 128K,   0% used [0x00000000a2520000, 0x00000000a2520000, 0x00000000a2540000)
 tenured generation   total 160512K, used 8869K [0x00000000c1800000, 0x00000000cb4c0000, 0x0000000100000000)
   the space 160512K,   5% used [0x00000000c1800000, 0x00000000c20a9408, 0x00000000c20a9600, 0x00000000cb4c0000)
 Metaspace       used 11186K, capacity 11558K, committed 11648K, reserved 1058816K
  class space    used 1320K, capacity 1395K, committed 1408K, reserved 1048576K
Event: 1.147 GC heap after
Heap after GC invocations=103 (full 0):
 def new generation   total 1152K, used 127K [0x00000000a2400000, 0x00000000a2540000, 0x00000000c1800000)
  eden space 1024K,   0% used [0x00000000a2400000, 0x00000000a2400000, 0x00000000a2500000)
  from space 128K,  99% used [0x00000000a2520000, 0x00000000a253fff8, 0x00000000a2540000)
  to   space 128K,   0% used [0x00000000a2500000, 0x00000000a2500000, 0x00000000a2520000)
 tenured generation   total 160512K, used 8920K [0x00000000c1800000, 0x00000000cb4c0000, 0x0000000100000000)
   the space 160512K,   5% used [0x00000000c1800000, 0x00000000c20b6048, 0x00000000c20b6200, 0x00000000cb4c0000)
 Metaspace       used 11186K, capacity 11558K, committed 11648K, reserved 1058816K
  class space    used 1320K, capacity 1395K, committed 1408K, reserved 1048576K
}
Event: 1.151 GC heap before
{Heap before GC invocations=103 (full 0):
 def new generation   total 1152K, used 1151K [0x00000000a2400000, 0x00000000a2540000, 0x00000000c1800000)
  eden space 1024K, 100% used [0x00000000a2400000, 0x00000000a2500000, 0x00000000a2500000)
  from space 128K,  99% used [0x00000000a2520000, 0x00000000a253fff8, 0x00000000a2540000)
  to   space 128K,   0% used [0x00000000a2500000, 0x00000000a2500000, 0x00000000a2520000)
 tenured generation   total 160512K, used 8920K [0x00000000c1800000, 0x00000000cb4c0000, 0x0000000100000000)
   the space 160512K,   5% used [0x00000000c1800000, 0x00000000c20b6048, 0x00000000c20b6200, 0x00000000cb4c0000)
 Metaspace       used 11186K, capacity 11558K, committed 11648K, reserved 1058816K
  class space    used 1320K, capacity 1395K, committed 1408K, reserved 1048576K
Event: 1.152 GC heap after
Heap after GC invocations=104 (full 0):
 def new generation   total 1152K, used 54K [0x00000000a2400000, 0x00000000a2540000, 0x00000000c1800000)
  eden space 1024K,   0% used [0x00000000a2400000, 0x00000000a2400000, 0x00000000a2500000)
  from space 128K,  42% used [0x00000000a2500000, 0x00000000a250d9d0, 0x00000000a2520000)
  to   space 128K,   0% used [0x00000000a2520000, 0x00000000a2520000, 0x00000000a2540000)
 tenured generation   total 160512K, used 9030K [0x00000000c1800000, 0x00000000cb4c0000, 0x0000000100000000)
   the space 160512K,   5% used [0x00000000c1800000, 0x00000000c20d1b38, 0x00000000c20d1c00, 0x00000000cb4c0000)
 Metaspace       used 11186K, capacity 11558K, committed 11648K, reserved 1058816K
  class space    used 1320K, capacity 1395K, committed 1408K, reserved 1048576K
}
Event: 1.164 GC heap before
{Heap before GC invocations=104 (full 0):
 def new generation   total 1152K, used 1078K [0x00000000a2400000, 0x00000000a2540000, 0x00000000c1800000)
  eden space 1024K, 100% used [0x00000000a2400000, 0x00000000a2500000, 0x00000000a2500000)
  from space 128K,  42% used [0x00000000a2500000, 0x00000000a250d9d0, 0x00000000a2520000)
  to   space 128K,   0% used [0x00000000a2520000, 0x00000000a2520000, 0x00000000a2540000)
 tenured generation   total 160512K, used 9030K [0x00000000c1800000, 0x00000000cb4c0000, 0x0000000100000000)
   the space 160512K,   5% used [0x00000000c1800000, 0x00000000c20d1b38, 0x00000000c20d1c00, 0x00000000cb4c0000)
 Metaspace       used 11188K, capacity 11558K, committed 11648K, reserved 1058816K
  class space    used 1320K, capacity 1395K, committed 1408K, reserved 1048576K
Event: 1.165 GC heap after
Heap after GC invocations=105 (full 0):
 def new generation   total 1152K, used 127K [0x00000000a2400000, 0x00000000a2540000, 0x00000000c1800000)
  eden space 1024K,   0% used [0x00000000a2400000, 0x00000000a2400000, 0x00000000a2500000)
  from space 128K,  99% used [0x00000000a2520000, 0x00000000a253fff8, 0x00000000a2540000)
  to   space 128K,   0% used [0x00000000a2500000, 0x00000000a2500000, 0x00000000a2520000)
 tenured generation   total 160512K, used 9046K [0x00000000c1800000, 0x00000000cb4c0000, 0x0000000100000000)
   the space 160512K,   5% used [0x00000000c1800000, 0x00000000c20d5828, 0x00000000c20d5a00, 0x00000000cb4c0000)
 Metaspace       used 11188K, capacity 11558K, committed 11648K, reserved 1058816K
  class space    used 1320K, capacity 1395K, committed 1408K, reserved 1048576K
}
Event: 1.174 GC heap before
{Heap before GC invocations=105 (full 0):
 def new generation   total 1152K, used 1151K [0x00000000a2400000, 0x00000000a2540000, 0x00000000c1800000)
  eden space 1024K, 100% used [0x00000000a2400000, 0x00000000a2500000, 0x00000000a2500000)
  from space 128K,  99% used [0x00000000a2520000, 0x00000000a253fff8, 0x00000000a2540000)
  to   space 128K,   0% used [0x00000000a2500000, 0x00000000a2500000, 0x00000000a2520000)
 tenured generation   total 160512K, used 9046K [0x00000000c1800000, 0x00000000cb4c0000, 0x0000000100000000)
   the space 160512K,   5% used [0x00000000c1800000, 0x00000000c20d5828, 0x00000000c20d5a00, 0x00000000cb4c0000)
 Metaspace       used 11201K, capacity 11558K, committed 11648K, reserved 1058816K
  class space    used 1320K, capacity 1395K, committed 1408K, reserved 1048576K
Event: 1.175 GC heap after
Heap after GC invocations=106 (full 0):
 def new generation   total 1152K, used 114K [0x00000000a2400000, 0x00000000a2540000, 0x00000000c1800000)
  eden space 1024K,   0% used [0x00000000a2400000, 0x00000000a2400000, 0x00000000a2500000)
  from space 128K,  89% used [0x00000000a2500000, 0x00000000a251ca08, 0x00000000a2520000)
  to   space 128K,   0% used [0x00000000a2520000, 0x00000000a2520000, 0x00000000a2540000)
 tenured generation   total 160512K, used 9127K [0x00000000c1800000, 0x00000000cb4c0000, 0x0000000100000000)
   the space 160512K,   5% used [0x00000000c1800000, 0x00000000c20e9e38, 0x00000000c20ea000, 0x00000000cb4c0000)
 Metaspace       used 11201K, capacity 11558K, committed 11648K, reserved 1058816K
  class space    used 1320K, capacity 1395K, committed 1408K, reserved 1048576K
}

